2025-12-20 02:44:57.075 | INFO     | __main__:sample_stat:86 - neg/pos = 23964/1808 | neg%=92.98%
2025-12-20 02:44:57.078 | INFO     | __main__:sample_stat:86 - neg/pos = 1808/1808 | neg%=50.00%
2025-12-20 02:44:57.080 | INFO     | __main__:sample_stat:86 - neg/pos = 1260/1271 | neg%=49.78%
2025-12-20 02:44:57.080 | INFO     | __main__:sample_stat:86 - neg/pos = 185/176 | neg%=51.25%
2025-12-20 02:44:57.081 | INFO     | __main__:sample_stat:86 - neg/pos = 363/361 | neg%=50.14%
2025-12-20 02:44:59.272 | INFO     | __main__:run:300 - Start training Teacher-Gated + Distill (Seq student, MIDTI teacher)...
2025-12-20 02:47:49.522 | INFO     | __main__:run:361 - epoch 1/100 | loss=0.7169 | auroc_train=0.7078 | auroc_val=0.5033 | auprc_val=0.5121 | f1_val=0.6555
2025-12-20 02:47:49.576 | INFO     | __main__:run:380 - ✔ New BEST model saved (epoch=1, auprc=0.5121)
2025-12-20 02:50:43.240 | INFO     | __main__:run:361 - epoch 2/100 | loss=0.6935 | auroc_train=0.5250 | auroc_val=0.9668 | auprc_val=0.9724 | f1_val=0.9446
2025-12-20 02:50:43.276 | INFO     | __main__:run:380 - ✔ New BEST model saved (epoch=2, auprc=0.9724)
2025-12-20 02:53:36.209 | INFO     | __main__:run:361 - epoch 3/100 | loss=0.4367 | auroc_train=0.9468 | auroc_val=0.9392 | auprc_val=0.9317 | f1_val=0.9446
2025-12-20 02:53:36.209 | INFO     | __main__:run:383 - No improvement (1/100)
2025-12-20 02:56:30.788 | INFO     | __main__:run:361 - epoch 4/100 | loss=0.3790 | auroc_train=0.9491 | auroc_val=0.9338 | auprc_val=0.9251 | f1_val=0.9446
2025-12-20 02:56:30.788 | INFO     | __main__:run:383 - No improvement (2/100)
2025-12-20 02:59:23.787 | INFO     | __main__:run:361 - epoch 5/100 | loss=0.3818 | auroc_train=0.9525 | auroc_val=0.9458 | auprc_val=0.9445 | f1_val=0.9446
2025-12-20 02:59:23.787 | INFO     | __main__:run:383 - No improvement (3/100)
2025-12-20 03:02:19.725 | INFO     | __main__:run:361 - epoch 6/100 | loss=0.3761 | auroc_train=0.9606 | auroc_val=0.9533 | auprc_val=0.9624 | f1_val=0.9446
2025-12-20 03:02:19.725 | INFO     | __main__:run:383 - No improvement (4/100)
2025-12-20 03:05:16.315 | INFO     | __main__:run:361 - epoch 7/100 | loss=0.3624 | auroc_train=0.9664 | auroc_val=0.9531 | auprc_val=0.9597 | f1_val=0.9446
2025-12-20 03:05:16.315 | INFO     | __main__:run:383 - No improvement (5/100)
2025-12-20 03:08:12.320 | INFO     | __main__:run:361 - epoch 8/100 | loss=0.3588 | auroc_train=0.9726 | auroc_val=0.9535 | auprc_val=0.9609 | f1_val=0.9446
2025-12-20 03:08:12.320 | INFO     | __main__:run:383 - No improvement (6/100)
2025-12-20 03:11:07.242 | INFO     | __main__:run:361 - epoch 9/100 | loss=0.3563 | auroc_train=0.9725 | auroc_val=0.9553 | auprc_val=0.9611 | f1_val=0.9446
2025-12-20 03:11:07.242 | INFO     | __main__:run:383 - No improvement (7/100)
2025-12-20 03:14:00.474 | INFO     | __main__:run:361 - epoch 10/100 | loss=0.3236 | auroc_train=0.9767 | auroc_val=0.9572 | auprc_val=0.9530 | f1_val=0.9446
2025-12-20 03:14:00.474 | INFO     | __main__:run:383 - No improvement (8/100)
2025-12-20 03:16:56.052 | INFO     | __main__:run:361 - epoch 11/100 | loss=0.2841 | auroc_train=0.9807 | auroc_val=0.9566 | auprc_val=0.9535 | f1_val=0.9446
2025-12-20 03:16:56.052 | INFO     | __main__:run:383 - No improvement (9/100)
2025-12-20 03:19:51.720 | INFO     | __main__:run:361 - epoch 12/100 | loss=0.2729 | auroc_train=0.9816 | auroc_val=0.9557 | auprc_val=0.9538 | f1_val=0.9446
2025-12-20 03:19:51.720 | INFO     | __main__:run:383 - No improvement (10/100)
2025-12-20 03:22:47.475 | INFO     | __main__:run:361 - epoch 13/100 | loss=0.2670 | auroc_train=0.9813 | auroc_val=0.9555 | auprc_val=0.9533 | f1_val=0.9446
2025-12-20 03:22:47.475 | INFO     | __main__:run:383 - No improvement (11/100)
2025-12-20 03:25:43.452 | INFO     | __main__:run:361 - epoch 14/100 | loss=0.2632 | auroc_train=0.9813 | auroc_val=0.9557 | auprc_val=0.9547 | f1_val=0.9446
2025-12-20 03:25:43.452 | INFO     | __main__:run:383 - No improvement (12/100)
2025-12-20 03:28:37.845 | INFO     | __main__:run:361 - epoch 15/100 | loss=0.2567 | auroc_train=0.9830 | auroc_val=0.9555 | auprc_val=0.9551 | f1_val=0.9446
2025-12-20 03:28:37.845 | INFO     | __main__:run:383 - No improvement (13/100)
2025-12-20 03:31:31.883 | INFO     | __main__:run:361 - epoch 16/100 | loss=0.2529 | auroc_train=0.9836 | auroc_val=0.9558 | auprc_val=0.9566 | f1_val=0.9446
2025-12-20 03:31:31.883 | INFO     | __main__:run:383 - No improvement (14/100)
2025-12-20 03:34:27.173 | INFO     | __main__:run:361 - epoch 17/100 | loss=0.2523 | auroc_train=0.9838 | auroc_val=0.9554 | auprc_val=0.9564 | f1_val=0.9446
2025-12-20 03:34:27.173 | INFO     | __main__:run:383 - No improvement (15/100)
2025-12-20 03:37:23.107 | INFO     | __main__:run:361 - epoch 18/100 | loss=0.2489 | auroc_train=0.9840 | auroc_val=0.9561 | auprc_val=0.9570 | f1_val=0.9446
2025-12-20 03:37:23.107 | INFO     | __main__:run:383 - No improvement (16/100)
2025-12-20 03:40:19.045 | INFO     | __main__:run:361 - epoch 19/100 | loss=0.2460 | auroc_train=0.9846 | auroc_val=0.9555 | auprc_val=0.9556 | f1_val=0.9446
2025-12-20 03:40:19.045 | INFO     | __main__:run:383 - No improvement (17/100)
2025-12-20 03:43:13.709 | INFO     | __main__:run:361 - epoch 20/100 | loss=0.2432 | auroc_train=0.9852 | auroc_val=0.9553 | auprc_val=0.9549 | f1_val=0.9446
2025-12-20 03:43:13.709 | INFO     | __main__:run:383 - No improvement (18/100)
2025-12-20 03:46:08.694 | INFO     | __main__:run:361 - epoch 21/100 | loss=0.2388 | auroc_train=0.9862 | auroc_val=0.9554 | auprc_val=0.9554 | f1_val=0.9446
2025-12-20 03:46:08.694 | INFO     | __main__:run:383 - No improvement (19/100)
2025-12-20 03:49:05.181 | INFO     | __main__:run:361 - epoch 22/100 | loss=0.2388 | auroc_train=0.9860 | auroc_val=0.9554 | auprc_val=0.9549 | f1_val=0.9446
2025-12-20 03:49:05.183 | INFO     | __main__:run:383 - No improvement (20/100)
2025-12-20 03:52:22.624 | INFO     | __main__:run:361 - epoch 23/100 | loss=0.2392 | auroc_train=0.9860 | auroc_val=0.9555 | auprc_val=0.9553 | f1_val=0.9446
2025-12-20 03:52:22.624 | INFO     | __main__:run:383 - No improvement (21/100)
2025-12-20 03:55:35.990 | INFO     | __main__:run:361 - epoch 24/100 | loss=0.2371 | auroc_train=0.9867 | auroc_val=0.9555 | auprc_val=0.9551 | f1_val=0.9446
2025-12-20 03:55:35.990 | INFO     | __main__:run:383 - No improvement (22/100)
2025-12-20 03:58:46.512 | INFO     | __main__:run:361 - epoch 25/100 | loss=0.2361 | auroc_train=0.9868 | auroc_val=0.9555 | auprc_val=0.9552 | f1_val=0.9446
2025-12-20 03:58:46.512 | INFO     | __main__:run:383 - No improvement (23/100)
2025-12-20 04:01:41.520 | INFO     | __main__:run:361 - epoch 26/100 | loss=0.2374 | auroc_train=0.9864 | auroc_val=0.9557 | auprc_val=0.9556 | f1_val=0.9446
2025-12-20 04:01:41.520 | INFO     | __main__:run:383 - No improvement (24/100)
2025-12-20 04:04:36.721 | INFO     | __main__:run:361 - epoch 27/100 | loss=0.2375 | auroc_train=0.9865 | auroc_val=0.9557 | auprc_val=0.9556 | f1_val=0.9446
2025-12-20 04:04:36.721 | INFO     | __main__:run:383 - No improvement (25/100)
2025-12-20 04:07:31.382 | INFO     | __main__:run:361 - epoch 28/100 | loss=0.2374 | auroc_train=0.9865 | auroc_val=0.9557 | auprc_val=0.9556 | f1_val=0.9446
2025-12-20 04:07:31.382 | INFO     | __main__:run:383 - No improvement (26/100)
2025-12-20 04:10:28.502 | INFO     | __main__:run:361 - epoch 29/100 | loss=0.2372 | auroc_train=0.9864 | auroc_val=0.9556 | auprc_val=0.9555 | f1_val=0.9446
2025-12-20 04:10:28.502 | INFO     | __main__:run:383 - No improvement (27/100)
2025-12-20 04:13:23.835 | INFO     | __main__:run:361 - epoch 30/100 | loss=0.2372 | auroc_train=0.9865 | auroc_val=0.9558 | auprc_val=0.9556 | f1_val=0.9446
2025-12-20 04:13:23.837 | INFO     | __main__:run:383 - No improvement (28/100)
2025-12-20 04:16:19.178 | INFO     | __main__:run:361 - epoch 31/100 | loss=0.2359 | auroc_train=0.9866 | auroc_val=0.9558 | auprc_val=0.9556 | f1_val=0.9446
2025-12-20 04:16:19.178 | INFO     | __main__:run:383 - No improvement (29/100)
2025-12-20 04:19:14.125 | INFO     | __main__:run:361 - epoch 32/100 | loss=0.2359 | auroc_train=0.9867 | auroc_val=0.9558 | auprc_val=0.9556 | f1_val=0.9446
2025-12-20 04:19:14.125 | INFO     | __main__:run:383 - No improvement (30/100)
2025-12-20 04:22:08.959 | INFO     | __main__:run:361 - epoch 33/100 | loss=0.2368 | auroc_train=0.9867 | auroc_val=0.9558 | auprc_val=0.9556 | f1_val=0.9446
2025-12-20 04:22:08.959 | INFO     | __main__:run:383 - No improvement (31/100)
2025-12-20 04:25:03.398 | INFO     | __main__:run:361 - epoch 34/100 | loss=0.2359 | auroc_train=0.9868 | auroc_val=0.9558 | auprc_val=0.9556 | f1_val=0.9446
2025-12-20 04:25:03.398 | INFO     | __main__:run:383 - No improvement (32/100)
2025-12-20 04:27:58.084 | INFO     | __main__:run:361 - epoch 35/100 | loss=0.2366 | auroc_train=0.9866 | auroc_val=0.9558 | auprc_val=0.9556 | f1_val=0.9446
2025-12-20 04:27:58.084 | INFO     | __main__:run:383 - No improvement (33/100)
2025-12-20 04:30:52.319 | INFO     | __main__:run:361 - epoch 36/100 | loss=0.2371 | auroc_train=0.9866 | auroc_val=0.9559 | auprc_val=0.9556 | f1_val=0.9446
2025-12-20 04:30:52.319 | INFO     | __main__:run:383 - No improvement (34/100)
2025-12-20 04:33:47.377 | INFO     | __main__:run:361 - epoch 37/100 | loss=0.2358 | auroc_train=0.9866 | auroc_val=0.9559 | auprc_val=0.9556 | f1_val=0.9446
2025-12-20 04:33:47.377 | INFO     | __main__:run:383 - No improvement (35/100)
2025-12-20 04:36:41.678 | INFO     | __main__:run:361 - epoch 38/100 | loss=0.2370 | auroc_train=0.9865 | auroc_val=0.9560 | auprc_val=0.9557 | f1_val=0.9446
2025-12-20 04:36:41.678 | INFO     | __main__:run:383 - No improvement (36/100)
2025-12-20 04:39:36.398 | INFO     | __main__:run:361 - epoch 39/100 | loss=0.2358 | auroc_train=0.9866 | auroc_val=0.9559 | auprc_val=0.9556 | f1_val=0.9446
2025-12-20 04:39:36.398 | INFO     | __main__:run:383 - No improvement (37/100)
2025-12-20 04:42:31.213 | INFO     | __main__:run:361 - epoch 40/100 | loss=0.2350 | auroc_train=0.9869 | auroc_val=0.9560 | auprc_val=0.9557 | f1_val=0.9446
2025-12-20 04:42:31.213 | INFO     | __main__:run:383 - No improvement (38/100)
2025-12-20 08:45:45.571 | INFO     | __main__:run:361 - epoch 41/100 | loss=0.2363 | auroc_train=0.9867 | auroc_val=0.9560 | auprc_val=0.9557 | f1_val=0.9446
2025-12-20 08:45:45.571 | INFO     | __main__:run:383 - No improvement (39/100)
