2025-12-20 00:32:43.226 | INFO     | __main__:sample_stat:86 - neg/pos = 23964/1808 | neg%=92.98%
2025-12-20 00:32:43.226 | INFO     | __main__:sample_stat:86 - neg/pos = 1808/1808 | neg%=50.00%
2025-12-20 00:32:43.241 | INFO     | __main__:sample_stat:86 - neg/pos = 1260/1271 | neg%=49.78%
2025-12-20 00:32:43.241 | INFO     | __main__:sample_stat:86 - neg/pos = 185/176 | neg%=51.25%
2025-12-20 00:32:43.241 | INFO     | __main__:sample_stat:86 - neg/pos = 363/361 | neg%=50.14%
2025-12-20 00:32:45.306 | INFO     | __main__:run:300 - Start training Teacher-Gated + Distill (Seq student, MIDTI teacher)...
2025-12-20 00:35:38.773 | INFO     | __main__:run:361 - epoch 1/50 | loss=1.0848 | auroc_train=0.9465 | auroc_val=0.9430 | auprc_val=0.9442 | f1_val=0.9446
2025-12-20 00:35:38.803 | INFO     | __main__:run:380 - ✔ New BEST model saved (epoch=1, auprc=0.9442)
2025-12-20 00:38:25.470 | INFO     | __main__:run:361 - epoch 2/50 | loss=1.1941 | auroc_train=0.9519 | auroc_val=0.9414 | auprc_val=0.9440 | f1_val=0.9446
2025-12-20 00:38:25.470 | INFO     | __main__:run:383 - No improvement (1/5)
2025-12-20 00:41:18.350 | INFO     | __main__:run:361 - epoch 3/50 | loss=1.2135 | auroc_train=0.9550 | auroc_val=0.9449 | auprc_val=0.9480 | f1_val=0.9446
2025-12-20 00:41:18.378 | INFO     | __main__:run:380 - ✔ New BEST model saved (epoch=3, auprc=0.9480)
2025-12-20 00:44:02.589 | INFO     | __main__:run:361 - epoch 4/50 | loss=1.1374 | auroc_train=0.8301 | auroc_val=0.4228 | auprc_val=0.4488 | f1_val=0.6555
2025-12-20 00:44:02.589 | INFO     | __main__:run:383 - No improvement (1/5)
2025-12-20 00:46:56.009 | INFO     | __main__:run:361 - epoch 5/50 | loss=0.6949 | auroc_train=0.4883 | auroc_val=0.5822 | auprc_val=0.5770 | f1_val=0.6555
2025-12-20 00:46:56.011 | INFO     | __main__:run:383 - No improvement (2/5)
2025-12-20 00:50:04.245 | INFO     | __main__:run:361 - epoch 6/50 | loss=0.6930 | auroc_train=0.5201 | auroc_val=0.7192 | auprc_val=0.7361 | f1_val=0.6694
2025-12-20 00:50:04.245 | INFO     | __main__:run:383 - No improvement (3/5)
2025-12-20 00:53:10.459 | INFO     | __main__:run:361 - epoch 7/50 | loss=0.6667 | auroc_train=0.7139 | auroc_val=0.8418 | auprc_val=0.8266 | f1_val=0.7500
2025-12-20 00:53:10.459 | INFO     | __main__:run:383 - No improvement (4/5)
2025-12-20 00:55:56.776 | INFO     | __main__:run:361 - epoch 8/50 | loss=0.6220 | auroc_train=0.8333 | auroc_val=0.8605 | auprc_val=0.8486 | f1_val=0.7755
2025-12-20 00:55:56.776 | INFO     | __main__:run:383 - No improvement (5/5)
2025-12-20 00:55:56.776 | WARNING  | __main__:run:386 - Early stopping triggered!
2025-12-20 00:55:56.788 | INFO     | __main__:run:398 - Saved: C:\Users\dgx38\PycharmProjects\PythonProject1\output\models\teacher_gated_DAVIS_e50.pt | total_time=1391.48s
